

Started GET "/" for 127.0.0.1 at 2014-03-18 11:31:14 +0530

ActiveRecord::PendingMigrationError (Migrations are pending; run 'bin/rake db:migrate RAILS_ENV=development' to resolve this issue.):
  activerecord (4.0.3) lib/active_record/migration.rb:379:in `check_pending!'
  activerecord (4.0.3) lib/active_record/migration.rb:366:in `call'
  actionpack (4.0.3) lib/action_dispatch/middleware/callbacks.rb:29:in `block in call'
  activesupport (4.0.3) lib/active_support/callbacks.rb:373:in `_run__43630554__call__callbacks'
  activesupport (4.0.3) lib/active_support/callbacks.rb:80:in `run_callbacks'
  actionpack (4.0.3) lib/action_dispatch/middleware/callbacks.rb:27:in `call'
  actionpack (4.0.3) lib/action_dispatch/middleware/reloader.rb:64:in `call'
  actionpack (4.0.3) lib/action_dispatch/middleware/remote_ip.rb:76:in `call'
  actionpack (4.0.3) lib/action_dispatch/middleware/debug_exceptions.rb:17:in `call'
  actionpack (4.0.3) lib/action_dispatch/middleware/show_exceptions.rb:30:in `call'
  railties (4.0.3) lib/rails/rack/logger.rb:38:in `call_app'
  railties (4.0.3) lib/rails/rack/logger.rb:20:in `block in call'
  activesupport (4.0.3) lib/active_support/tagged_logging.rb:67:in `block in tagged'
  activesupport (4.0.3) lib/active_support/tagged_logging.rb:25:in `tagged'
  activesupport (4.0.3) lib/active_support/tagged_logging.rb:67:in `tagged'
  railties (4.0.3) lib/rails/rack/logger.rb:20:in `call'
  actionpack (4.0.3) lib/action_dispatch/middleware/request_id.rb:21:in `call'
  rack (1.5.2) lib/rack/methodoverride.rb:21:in `call'
  rack (1.5.2) lib/rack/runtime.rb:17:in `call'
  activesupport (4.0.3) lib/active_support/cache/strategy/local_cache.rb:83:in `call'
  rack (1.5.2) lib/rack/lock.rb:17:in `call'
  actionpack (4.0.3) lib/action_dispatch/middleware/static.rb:64:in `call'
  rack (1.5.2) lib/rack/sendfile.rb:112:in `call'
  railties (4.0.3) lib/rails/engine.rb:511:in `call'
  railties (4.0.3) lib/rails/application.rb:97:in `call'
  rack (1.5.2) lib/rack/lock.rb:17:in `call'
  rack (1.5.2) lib/rack/content_length.rb:14:in `call'
  rack (1.5.2) lib/rack/handler/webrick.rb:60:in `service'
  /home/shruthi/.rvm/rubies/ruby-2.1.1/lib/ruby/2.1.0/webrick/httpserver.rb:138:in `service'
  /home/shruthi/.rvm/rubies/ruby-2.1.1/lib/ruby/2.1.0/webrick/httpserver.rb:94:in `run'
  /home/shruthi/.rvm/rubies/ruby-2.1.1/lib/ruby/2.1.0/webrick/server.rb:295:in `block in start_thread'


  Rendered /home/shruthi/.rvm/gems/ruby-2.1.1/gems/actionpack-4.0.3/lib/action_dispatch/middleware/templates/rescues/_source.erb (1.7ms)
  Rendered /home/shruthi/.rvm/gems/ruby-2.1.1/gems/actionpack-4.0.3/lib/action_dispatch/middleware/templates/rescues/_trace.erb (2.7ms)
  Rendered /home/shruthi/.rvm/gems/ruby-2.1.1/gems/actionpack-4.0.3/lib/action_dispatch/middleware/templates/rescues/_request_and_response.erb (1.8ms)
  Rendered /home/shruthi/.rvm/gems/ruby-2.1.1/gems/actionpack-4.0.3/lib/action_dispatch/middleware/templates/rescues/diagnostics.erb within rescues/layout (36.3ms)
  [1m[36m (1094.8ms)[0m  [1mCREATE TABLE "schema_migrations" ("version" character varying(255) NOT NULL) [0m
  [1m[35m (142.9ms)[0m  CREATE UNIQUE INDEX "unique_schema_migrations" ON "schema_migrations" ("version")
  [1m[36mActiveRecord::SchemaMigration Load (0.7ms)[0m  [1mSELECT "schema_migrations".* FROM "schema_migrations"[0m
Migrating to CreatePosts (20140308063714)
  [1m[35m (11.0ms)[0m  BEGIN
  [1m[36m (256.3ms)[0m  [1mCREATE TABLE "posts" ("id" serial primary key, "Name" character varying(255), "Language" character varying(255), "Movie_Scree" character varying(255), "Price" integer, "Description" character varying(255), "created_at" timestamp, "updated_at" timestamp) [0m
  [1m[35mSQL (11.6ms)[0m  INSERT INTO "schema_migrations" ("version") VALUES ($1)  [["version", "20140308063714"]]
  [1m[36m (28.9ms)[0m  [1mCOMMIT[0m
Migrating to DeviseCreateUsers (20140312121527)
  [1m[35m (0.2ms)[0m  BEGIN
  [1m[36m (60.2ms)[0m  [1mCREATE TABLE "users" ("id" serial primary key, "email" character varying(255) DEFAULT '' NOT NULL, "encrypted_password" character varying(255) DEFAULT '' NOT NULL, "reset_password_token" character varying(255), "reset_password_sent_at" timestamp, "remember_created_at" timestamp, "sign_in_count" integer DEFAULT 0 NOT NULL, "current_sign_in_at" timestamp, "last_sign_in_at" timestamp, "current_sign_in_ip" character varying(255), "last_sign_in_ip" character varying(255), "created_at" timestamp, "updated_at" timestamp) [0m
  [1m[35m (7.6ms)[0m  CREATE UNIQUE INDEX "index_users_on_email" ON "users" ("email")
  [1m[36m (1.9ms)[0m  [1mCREATE UNIQUE INDEX "index_users_on_reset_password_token" ON "users" ("reset_password_token")[0m
  [1m[35mSQL (0.2ms)[0m  INSERT INTO "schema_migrations" ("version") VALUES ($1)  [["version", "20140312121527"]]
  [1m[36m (36.3ms)[0m  [1mCOMMIT[0m
Migrating to AddAttachmentPhotoToPosts (20140314082730)
  [1m[35m (0.4ms)[0m  BEGIN
  [1m[36m (389.8ms)[0m  [1mALTER TABLE "posts" ADD COLUMN "photo_file_name" character varying(255)[0m
  [1m[35m (0.4ms)[0m  ALTER TABLE "posts" ADD COLUMN "photo_content_type" character varying(255)
  [1m[36m (0.3ms)[0m  [1mALTER TABLE "posts" ADD COLUMN "photo_file_size" integer[0m
  [1m[35m (1.0ms)[0m  ALTER TABLE "posts" ADD COLUMN "photo_updated_at" timestamp
  [1m[36mSQL (0.3ms)[0m  [1mINSERT INTO "schema_migrations" ("version") VALUES ($1)[0m  [["version", "20140314082730"]]
  [1m[35m (92.2ms)[0m  COMMIT
  [1m[36mActiveRecord::SchemaMigration Load (0.3ms)[0m  [1mSELECT "schema_migrations".* FROM "schema_migrations"[0m


Started GET "/" for 127.0.0.1 at 2014-03-18 11:31:56 +0530
  [1m[36mActiveRecord::SchemaMigration Load (0.4ms)[0m  [1mSELECT "schema_migrations".* FROM "schema_migrations"[0m
Processing by WelcomeController#index as HTML
Completed 401 Unauthorized in 125ms


Started GET "/users/sign_in" for 127.0.0.1 at 2014-03-18 11:31:57 +0530
Processing by Devise::SessionsController#new as HTML
  Rendered /home/shruthi/.rvm/gems/ruby-2.1.1/gems/devise-3.2.3/app/views/devise/shared/_links.erb (1.5ms)
  Rendered /home/shruthi/.rvm/gems/ruby-2.1.1/gems/devise-3.2.3/app/views/devise/sessions/new.html.erb within layouts/posts (274.2ms)
Completed 200 OK in 731ms (Views: 714.0ms | ActiveRecord: 2.7ms)


Started GET "/assets/application.css?body=1" for 127.0.0.1 at 2014-03-18 11:31:58 +0530


Started GET "/assets/posts.css?body=1" for 127.0.0.1 at 2014-03-18 11:31:58 +0530


Started GET "/assets/welcome.css?body=1" for 127.0.0.1 at 2014-03-18 11:31:58 +0530


Started GET "/assets/jquery.js?body=1" for 127.0.0.1 at 2014-03-18 11:31:58 +0530


Started GET "/assets/jquery_ujs.js?body=1" for 127.0.0.1 at 2014-03-18 11:31:58 +0530


Started GET "/assets/turbolinks.js?body=1" for 127.0.0.1 at 2014-03-18 11:31:58 +0530


Started GET "/assets/posts.js?body=1" for 127.0.0.1 at 2014-03-18 11:31:58 +0530


Started GET "/assets/welcome.js?body=1" for 127.0.0.1 at 2014-03-18 11:31:58 +0530


Started GET "/assets/application.js?body=1" for 127.0.0.1 at 2014-03-18 11:31:58 +0530


Started GET "/assets/index.jpeg" for 127.0.0.1 at 2014-03-18 11:32:00 +0530


Started POST "/users/sign_in" for 127.0.0.1 at 2014-03-18 11:32:18 +0530
Processing by Devise::SessionsController#create as HTML
  Parameters: {"utf8"=>"✓", "authenticity_token"=>"0u6yrd4cDIYe1Ktzx5b/dY9NB4BjfmCEL9KwH39KdrY=", "user"=>{"email"=>"harithas.shruthi@gmail.com", "password"=>"[FILTERED]", "remember_me"=>"0"}, "commit"=>"Sign in"}
  [1m[35mUser Load (44.6ms)[0m  SELECT "users".* FROM "users" WHERE "users"."email" = 'harithas.shruthi@gmail.com' ORDER BY "users"."id" ASC LIMIT 1
Completed 401 Unauthorized in 132ms
Processing by Devise::SessionsController#new as HTML
  Parameters: {"utf8"=>"✓", "authenticity_token"=>"0u6yrd4cDIYe1Ktzx5b/dY9NB4BjfmCEL9KwH39KdrY=", "user"=>{"email"=>"harithas.shruthi@gmail.com", "password"=>"[FILTERED]", "remember_me"=>"0"}, "commit"=>"Sign in"}
  Rendered /home/shruthi/.rvm/gems/ruby-2.1.1/gems/devise-3.2.3/app/views/devise/shared/_links.erb (0.3ms)
  Rendered /home/shruthi/.rvm/gems/ruby-2.1.1/gems/devise-3.2.3/app/views/devise/sessions/new.html.erb within layouts/posts (3.6ms)
Completed 200 OK in 107ms (Views: 8.3ms | ActiveRecord: 0.0ms)


Started GET "/assets/posts.css?body=1" for 127.0.0.1 at 2014-03-18 11:32:18 +0530


Started GET "/assets/jquery_ujs.js?body=1" for 127.0.0.1 at 2014-03-18 11:32:18 +0530


Started GET "/assets/jquery.js?body=1" for 127.0.0.1 at 2014-03-18 11:32:18 +0530


Started GET "/assets/turbolinks.js?body=1" for 127.0.0.1 at 2014-03-18 11:32:18 +0530


Started GET "/assets/welcome.css?body=1" for 127.0.0.1 at 2014-03-18 11:32:19 +0530


Started GET "/assets/posts.js?body=1" for 127.0.0.1 at 2014-03-18 11:32:19 +0530


Started GET "/assets/application.js?body=1" for 127.0.0.1 at 2014-03-18 11:32:19 +0530


Started GET "/assets/welcome.js?body=1" for 127.0.0.1 at 2014-03-18 11:32:19 +0530


Started GET "/assets/application.css?body=1" for 127.0.0.1 at 2014-03-18 11:32:19 +0530


Started GET "/assets/index.jpeg" for 127.0.0.1 at 2014-03-18 11:32:19 +0530


Started POST "/users/sign_in" for 127.0.0.1 at 2014-03-18 11:32:27 +0530
Processing by Devise::SessionsController#create as HTML
  Parameters: {"utf8"=>"✓", "authenticity_token"=>"0u6yrd4cDIYe1Ktzx5b/dY9NB4BjfmCEL9KwH39KdrY=", "user"=>{"email"=>"harithas.shruthi@gmail.com", "password"=>"[FILTERED]", "remember_me"=>"0"}, "commit"=>"Sign in"}
  [1m[36mUser Load (1.1ms)[0m  [1mSELECT "users".* FROM "users" WHERE "users"."email" = 'harithas.shruthi@gmail.com' ORDER BY "users"."id" ASC LIMIT 1[0m
Completed 401 Unauthorized in 3ms
Processing by Devise::SessionsController#new as HTML
  Parameters: {"utf8"=>"✓", "authenticity_token"=>"0u6yrd4cDIYe1Ktzx5b/dY9NB4BjfmCEL9KwH39KdrY=", "user"=>{"email"=>"harithas.shruthi@gmail.com", "password"=>"[FILTERED]", "remember_me"=>"0"}, "commit"=>"Sign in"}
  Rendered /home/shruthi/.rvm/gems/ruby-2.1.1/gems/devise-3.2.3/app/views/devise/shared/_links.erb (0.6ms)
  Rendered /home/shruthi/.rvm/gems/ruby-2.1.1/gems/devise-3.2.3/app/views/devise/sessions/new.html.erb within layouts/posts (4.0ms)
Completed 200 OK in 126ms (Views: 8.8ms | ActiveRecord: 0.0ms)


Started GET "/assets/posts.css?body=1" for 127.0.0.1 at 2014-03-18 11:32:28 +0530


Started GET "/assets/jquery_ujs.js?body=1" for 127.0.0.1 at 2014-03-18 11:32:28 +0530


Started GET "/assets/turbolinks.js?body=1" for 127.0.0.1 at 2014-03-18 11:32:28 +0530


Started GET "/assets/welcome.css?body=1" for 127.0.0.1 at 2014-03-18 11:32:28 +0530


Started GET "/assets/jquery.js?body=1" for 127.0.0.1 at 2014-03-18 11:32:28 +0530


Started GET "/assets/application.js?body=1" for 127.0.0.1 at 2014-03-18 11:32:28 +0530


Started GET "/assets/welcome.js?body=1" for 127.0.0.1 at 2014-03-18 11:32:28 +0530


Started GET "/assets/posts.js?body=1" for 127.0.0.1 at 2014-03-18 11:32:28 +0530


Started GET "/assets/application.css?body=1" for 127.0.0.1 at 2014-03-18 11:32:28 +0530


Started GET "/assets/index.jpeg" for 127.0.0.1 at 2014-03-18 11:32:28 +0530


Started POST "/users/sign_in" for 127.0.0.1 at 2014-03-18 11:32:37 +0530
Processing by Devise::SessionsController#create as HTML
  Parameters: {"utf8"=>"✓", "authenticity_token"=>"0u6yrd4cDIYe1Ktzx5b/dY9NB4BjfmCEL9KwH39KdrY=", "user"=>{"email"=>"harithas.shruthi@gmail.com", "password"=>"[FILTERED]", "remember_me"=>"0"}, "commit"=>"Sign in"}
  [1m[35mUser Load (0.6ms)[0m  SELECT "users".* FROM "users" WHERE "users"."email" = 'harithas.shruthi@gmail.com' ORDER BY "users"."id" ASC LIMIT 1
Completed 401 Unauthorized in 2ms
Processing by Devise::SessionsController#new as HTML
  Parameters: {"utf8"=>"✓", "authenticity_token"=>"0u6yrd4cDIYe1Ktzx5b/dY9NB4BjfmCEL9KwH39KdrY=", "user"=>{"email"=>"harithas.shruthi@gmail.com", "password"=>"[FILTERED]", "remember_me"=>"0"}, "commit"=>"Sign in"}
  Rendered /home/shruthi/.rvm/gems/ruby-2.1.1/gems/devise-3.2.3/app/views/devise/shared/_links.erb (0.3ms)
  Rendered /home/shruthi/.rvm/gems/ruby-2.1.1/gems/devise-3.2.3/app/views/devise/sessions/new.html.erb within layouts/posts (4.5ms)
Completed 200 OK in 105ms (Views: 12.9ms | ActiveRecord: 0.0ms)


Started GET "/assets/application.css?body=1" for 127.0.0.1 at 2014-03-18 11:32:37 +0530


Started GET "/assets/posts.css?body=1" for 127.0.0.1 at 2014-03-18 11:32:37 +0530


Started GET "/assets/posts.js?body=1" for 127.0.0.1 at 2014-03-18 11:32:37 +0530


Started GET "/assets/turbolinks.js?body=1" for 127.0.0.1 at 2014-03-18 11:32:37 +0530


Started GET "/assets/jquery_ujs.js?body=1" for 127.0.0.1 at 2014-03-18 11:32:37 +0530


Started GET "/assets/jquery.js?body=1" for 127.0.0.1 at 2014-03-18 11:32:37 +0530


Started GET "/assets/welcome.css?body=1" for 127.0.0.1 at 2014-03-18 11:32:37 +0530


Started GET "/assets/welcome.js?body=1" for 127.0.0.1 at 2014-03-18 11:32:37 +0530


Started GET "/assets/application.js?body=1" for 127.0.0.1 at 2014-03-18 11:32:37 +0530


Started GET "/assets/index.jpeg" for 127.0.0.1 at 2014-03-18 11:32:38 +0530


Started POST "/users/sign_in" for 127.0.0.1 at 2014-03-18 11:32:42 +0530
Processing by Devise::SessionsController#create as HTML
  Parameters: {"utf8"=>"✓", "authenticity_token"=>"0u6yrd4cDIYe1Ktzx5b/dY9NB4BjfmCEL9KwH39KdrY=", "user"=>{"email"=>"harithas.shruthi@gmail.com", "password"=>"[FILTERED]", "remember_me"=>"0"}, "commit"=>"Sign in"}
Completed 401 Unauthorized in 1ms
Processing by Devise::SessionsController#new as HTML
  Parameters: {"utf8"=>"✓", "authenticity_token"=>"0u6yrd4cDIYe1Ktzx5b/dY9NB4BjfmCEL9KwH39KdrY=", "user"=>{"email"=>"harithas.shruthi@gmail.com", "password"=>"[FILTERED]", "remember_me"=>"0"}, "commit"=>"Sign in"}
  Rendered /home/shruthi/.rvm/gems/ruby-2.1.1/gems/devise-3.2.3/app/views/devise/shared/_links.erb (0.4ms)
  Rendered /home/shruthi/.rvm/gems/ruby-2.1.1/gems/devise-3.2.3/app/views/devise/sessions/new.html.erb within layouts/posts (5.1ms)
Completed 200 OK in 13ms (Views: 12.1ms | ActiveRecord: 0.0ms)


Started GET "/assets/application.css?body=1" for 127.0.0.1 at 2014-03-18 11:32:43 +0530


Started GET "/assets/turbolinks.js?body=1" for 127.0.0.1 at 2014-03-18 11:32:43 +0530


Started GET "/assets/jquery.js?body=1" for 127.0.0.1 at 2014-03-18 11:32:43 +0530


Started GET "/assets/posts.js?body=1" for 127.0.0.1 at 2014-03-18 11:32:43 +0530


Started GET "/assets/welcome.css?body=1" for 127.0.0.1 at 2014-03-18 11:32:43 +0530


Started GET "/assets/jquery_ujs.js?body=1" for 127.0.0.1 at 2014-03-18 11:32:43 +0530


Started GET "/assets/application.js?body=1" for 127.0.0.1 at 2014-03-18 11:32:43 +0530


Started GET "/assets/welcome.js?body=1" for 127.0.0.1 at 2014-03-18 11:32:43 +0530


Started GET "/assets/posts.css?body=1" for 127.0.0.1 at 2014-03-18 11:32:43 +0530


Started GET "/assets/index.jpeg" for 127.0.0.1 at 2014-03-18 11:32:43 +0530


Started GET "/users/sign_up" for 127.0.0.1 at 2014-03-18 11:32:46 +0530
Processing by Devise::RegistrationsController#new as HTML
  Rendered /home/shruthi/.rvm/gems/ruby-2.1.1/gems/devise-3.2.3/app/views/devise/shared/_links.erb (0.3ms)
  Rendered /home/shruthi/.rvm/gems/ruby-2.1.1/gems/devise-3.2.3/app/views/devise/registrations/new.html.erb within layouts/posts (5.5ms)
Completed 200 OK in 40ms (Views: 37.6ms | ActiveRecord: 0.0ms)


Started GET "/assets/application.css?body=1" for 127.0.0.1 at 2014-03-18 11:32:46 +0530


Started GET "/assets/posts.css?body=1" for 127.0.0.1 at 2014-03-18 11:32:46 +0530


Started GET "/assets/jquery.js?body=1" for 127.0.0.1 at 2014-03-18 11:32:46 +0530


Started GET "/assets/jquery_ujs.js?body=1" for 127.0.0.1 at 2014-03-18 11:32:46 +0530


Started GET "/assets/welcome.js?body=1" for 127.0.0.1 at 2014-03-18 11:32:46 +0530


Started GET "/assets/posts.js?body=1" for 127.0.0.1 at 2014-03-18 11:32:46 +0530


Started GET "/assets/welcome.css?body=1" for 127.0.0.1 at 2014-03-18 11:32:46 +0530


Started GET "/assets/turbolinks.js?body=1" for 127.0.0.1 at 2014-03-18 11:32:46 +0530


Started GET "/assets/application.js?body=1" for 127.0.0.1 at 2014-03-18 11:32:46 +0530


Started GET "/assets/index.jpeg" for 127.0.0.1 at 2014-03-18 11:32:47 +0530


Started POST "/users" for 127.0.0.1 at 2014-03-18 11:33:10 +0530
Processing by Devise::RegistrationsController#create as HTML
  Parameters: {"utf8"=>"✓", "authenticity_token"=>"0u6yrd4cDIYe1Ktzx5b/dY9NB4BjfmCEL9KwH39KdrY=", "user"=>{"email"=>"shruthi.harithas@gmail.com", "password"=>"[FILTERED]", "password_confirmation"=>"[FILTERED]"}, "commit"=>"Sign up"}
  [1m[36m (0.3ms)[0m  [1mBEGIN[0m
  [1m[35mUser Exists (44.4ms)[0m  SELECT 1 AS one FROM "users" WHERE "users"."email" = 'shruthi.harithas@gmail.com' LIMIT 1
  [1m[36mSQL (141.5ms)[0m  [1mINSERT INTO "users" ("created_at", "email", "encrypted_password", "updated_at") VALUES ($1, $2, $3, $4) RETURNING "id"[0m  [["created_at", Tue, 18 Mar 2014 06:03:10 UTC +00:00], ["email", "shruthi.harithas@gmail.com"], ["encrypted_password", "$2a$10$uXa8dZ/Z3UbAYAlDRD3JSentXQNVNOHV9CMBJBuBdo.TijP24PE8S"], ["updated_at", Tue, 18 Mar 2014 06:03:10 UTC +00:00]]
  [1m[35m (1.1ms)[0m  COMMIT
  [1m[36m (0.2ms)[0m  [1mBEGIN[0m
  [1m[35mSQL (1.0ms)[0m  UPDATE "users" SET "last_sign_in_at" = $1, "current_sign_in_at" = $2, "last_sign_in_ip" = $3, "current_sign_in_ip" = $4, "sign_in_count" = $5, "updated_at" = $6 WHERE "users"."id" = 1  [["last_sign_in_at", Tue, 18 Mar 2014 06:03:10 UTC +00:00], ["current_sign_in_at", Tue, 18 Mar 2014 06:03:10 UTC +00:00], ["last_sign_in_ip", "127.0.0.1"], ["current_sign_in_ip", "127.0.0.1"], ["sign_in_count", 1], ["updated_at", Tue, 18 Mar 2014 06:03:10 UTC +00:00]]
  [1m[36m (0.8ms)[0m  [1mCOMMIT[0m
Redirected to http://localhost:3000/
Completed 302 Found in 395ms (ActiveRecord: 189.4ms)


Started GET "/" for 127.0.0.1 at 2014-03-18 11:33:10 +0530
Processing by WelcomeController#index as HTML
  [1m[35mUser Load (3.0ms)[0m  SELECT "users".* FROM "users" WHERE "users"."id" = 1 ORDER BY "users"."id" ASC LIMIT 1
  Rendered welcome/index.html.erb within layouts/posts (3.0ms)
Completed 200 OK in 52ms (Views: 47.1ms | ActiveRecord: 3.0ms)


Started GET "/assets/posts.css?body=1" for 127.0.0.1 at 2014-03-18 11:33:11 +0530


Started GET "/assets/welcome.css?body=1" for 127.0.0.1 at 2014-03-18 11:33:11 +0530


Started GET "/assets/jquery_ujs.js?body=1" for 127.0.0.1 at 2014-03-18 11:33:11 +0530


Started GET "/assets/jquery.js?body=1" for 127.0.0.1 at 2014-03-18 11:33:11 +0530


Started GET "/assets/application.css?body=1" for 127.0.0.1 at 2014-03-18 11:33:11 +0530


Started GET "/assets/turbolinks.js?body=1" for 127.0.0.1 at 2014-03-18 11:33:11 +0530


Started GET "/assets/posts.js?body=1" for 127.0.0.1 at 2014-03-18 11:33:11 +0530


Started GET "/assets/welcome.js?body=1" for 127.0.0.1 at 2014-03-18 11:33:11 +0530


Started GET "/assets/application.js?body=1" for 127.0.0.1 at 2014-03-18 11:33:11 +0530


Started GET "/assets/mov.gif" for 127.0.0.1 at 2014-03-18 11:33:11 +0530


Started GET "/assets/index.jpeg" for 127.0.0.1 at 2014-03-18 11:33:11 +0530


Started GET "/posts/new" for 127.0.0.1 at 2014-03-18 11:33:15 +0530
Processing by PostsController#new as HTML
  [1m[36mUser Load (1.0ms)[0m  [1mSELECT "users".* FROM "users" WHERE "users"."id" = 1 ORDER BY "users"."id" ASC LIMIT 1[0m
  Rendered posts/_form.html.erb (135.4ms)
  Rendered posts/new.html.erb within layouts/posts (141.3ms)
Completed 200 OK in 185ms (Views: 161.9ms | ActiveRecord: 3.3ms)


Started POST "/posts" for 127.0.0.1 at 2014-03-18 11:35:13 +0530
Processing by PostsController#create as HTML
  Parameters: {"utf8"=>"✓", "authenticity_token"=>"0u6yrd4cDIYe1Ktzx5b/dY9NB4BjfmCEL9KwH39KdrY=", "post"=>{"Name"=>"hgfhgj", "Movie_Scree"=>"3", "Language"=>"1", "Price"=>"500", "Description"=>"efregtfrhbgngf", "photo"=>#<ActionDispatch::Http::UploadedFile:0xa877d8c @tempfile=#<Tempfile:/tmp/RackMultipart20140318-12190-3v09ub>, @original_filename="images.jpeg", @content_type="image/jpeg", @headers="Content-Disposition: form-data; name=\"post[photo]\"; filename=\"images.jpeg\"\r\nContent-Type: image/jpeg\r\n">}, "commit"=>"Save Post"}
  [1m[35mUser Load (0.6ms)[0m  SELECT "users".* FROM "users" WHERE "users"."id" = 1 ORDER BY "users"."id" ASC LIMIT 1
Command :: file -b --mime-type '/tmp/4ef705ac54fae607b76f8d03a0bfea4020140318-12190-7f909w'
Command :: identify -format '%wx%h,%[exif:orientation]' '/tmp/8de416b7c16217e04f317b3ceeda538120140318-12190-1p1ehgp[0]' 2>/dev/null
Command :: identify -format %m '/tmp/8de416b7c16217e04f317b3ceeda538120140318-12190-1p1ehgp[0]'
Command :: convert '/tmp/8de416b7c16217e04f317b3ceeda538120140318-12190-1p1ehgp[0]' -auto-orient -resize "300x300>" '/tmp/8de416b7c16217e04f317b3ceeda538120140318-12190-1p1ehgp20140318-12190-wghzbx'
Command :: file -b --mime '/tmp/8de416b7c16217e04f317b3ceeda538120140318-12190-1p1ehgp20140318-12190-wghzbx'
Command :: identify -format '%wx%h,%[exif:orientation]' '/tmp/8de416b7c16217e04f317b3ceeda538120140318-12190-1p1ehgp[0]' 2>/dev/null
Command :: identify -format %m '/tmp/8de416b7c16217e04f317b3ceeda538120140318-12190-1p1ehgp[0]'
Command :: convert '/tmp/8de416b7c16217e04f317b3ceeda538120140318-12190-1p1ehgp[0]' -auto-orient -resize "100x100>" '/tmp/8de416b7c16217e04f317b3ceeda538120140318-12190-1p1ehgp20140318-12190-xf0sej'
Command :: file -b --mime '/tmp/8de416b7c16217e04f317b3ceeda538120140318-12190-1p1ehgp20140318-12190-xf0sej'
  [1m[36m (0.9ms)[0m  [1mBEGIN[0m
Command :: file -b --mime-type '/tmp/4820cf991751221ae87441ec69efdee520140318-12190-mbyvur'
  [1m[35mSQL (2.4ms)[0m  INSERT INTO "posts" ("Description", "Language", "Movie_Scree", "Name", "Price", "created_at", "photo_content_type", "photo_file_name", "photo_file_size", "photo_updated_at", "updated_at") VALUES ($1, $2, $3, $4, $5, $6, $7, $8, $9, $10, $11) RETURNING "id"  [["Description", "efregtfrhbgngf"], ["Language", "1"], ["Movie_Scree", "3"], ["Name", "hgfhgj"], ["Price", 500], ["created_at", Tue, 18 Mar 2014 06:05:27 UTC +00:00], ["photo_content_type", "image/jpeg"], ["photo_file_name", "images.jpeg"], ["photo_file_size", 10861], ["photo_updated_at", Tue, 18 Mar 2014 06:05:13 UTC +00:00], ["updated_at", Tue, 18 Mar 2014 06:05:27 UTC +00:00]]
  [1m[36m (2.1ms)[0m  [1mCOMMIT[0m
Redirected to http://localhost:3000/posts/1
Completed 302 Found in 14797ms (ActiveRecord: 6.0ms)


Started GET "/posts/1" for 127.0.0.1 at 2014-03-18 11:35:28 +0530
Processing by PostsController#show as HTML
  Parameters: {"id"=>"1"}
  [1m[35mUser Load (21.6ms)[0m  SELECT "users".* FROM "users" WHERE "users"."id" = 1 ORDER BY "users"."id" ASC LIMIT 1
  [1m[36mPost Load (0.8ms)[0m  [1mSELECT "posts".* FROM "posts" WHERE "posts"."id" = $1 LIMIT 1[0m  [["id", "1"]]
  Rendered posts/show.html.erb within layouts/posts (29.3ms)
Completed 200 OK in 84ms (Views: 52.9ms | ActiveRecord: 22.4ms)


Started GET "/assets/application.css?body=1" for 127.0.0.1 at 2014-03-18 11:35:28 +0530


Started GET "/assets/welcome.css?body=1" for 127.0.0.1 at 2014-03-18 11:35:28 +0530


Started GET "/assets/jquery.js?body=1" for 127.0.0.1 at 2014-03-18 11:35:28 +0530


Started GET "/assets/turbolinks.js?body=1" for 127.0.0.1 at 2014-03-18 11:35:28 +0530


Started GET "/assets/posts.css?body=1" for 127.0.0.1 at 2014-03-18 11:35:28 +0530


Started GET "/assets/posts.js?body=1" for 127.0.0.1 at 2014-03-18 11:35:28 +0530


Started GET "/assets/welcome.js?body=1" for 127.0.0.1 at 2014-03-18 11:35:28 +0530


Started GET "/assets/application.js?body=1" for 127.0.0.1 at 2014-03-18 11:35:28 +0530


Started GET "/assets/jquery_ujs.js?body=1" for 127.0.0.1 at 2014-03-18 11:35:28 +0530


Started GET "/assets/index.jpeg" for 127.0.0.1 at 2014-03-18 11:35:30 +0530


Started GET "/" for 127.0.0.1 at 2014-03-18 11:35:43 +0530
Processing by WelcomeController#index as HTML
  [1m[35mUser Load (0.6ms)[0m  SELECT "users".* FROM "users" WHERE "users"."id" = 1 ORDER BY "users"."id" ASC LIMIT 1
  Rendered welcome/index.html.erb within layouts/posts (1.4ms)
Completed 200 OK in 14ms (Views: 9.1ms | ActiveRecord: 0.6ms)


Started GET "/assets/mov.gif" for 127.0.0.1 at 2014-03-18 11:35:43 +0530


Started GET "/posts" for 127.0.0.1 at 2014-03-18 11:35:44 +0530
Processing by PostsController#index as HTML
  [1m[36mUser Load (0.8ms)[0m  [1mSELECT "users".* FROM "users" WHERE "users"."id" = 1 ORDER BY "users"."id" ASC LIMIT 1[0m
  [1m[35m (0.5ms)[0m  SELECT COUNT(*) FROM "posts"
  [1m[36mPost Load (1.6ms)[0m  [1mSELECT "posts".* FROM "posts" ORDER BY "posts"."name" ASC LIMIT 5 OFFSET 0[0m
PG::UndefinedColumn: ERROR:  column posts.name does not exist
LINE 1: SELECT  "posts".* FROM "posts"   ORDER BY "posts"."name" ASC...
                                                  ^
: SELECT  "posts".* FROM "posts"   ORDER BY "posts"."name" ASC LIMIT 5 OFFSET 0
  Rendered posts/index.html.erb within layouts/posts (119.3ms)
Completed 500 Internal Server Error in 156ms

ActionView::Template::Error (PG::UndefinedColumn: ERROR:  column posts.name does not exist
LINE 1: SELECT  "posts".* FROM "posts"   ORDER BY "posts"."name" ASC...
                                                  ^
: SELECT  "posts".* FROM "posts"   ORDER BY "posts"."name" ASC LIMIT 5 OFFSET 0):
    15:             <th>Destroy</th>
    16:         </tr>
    17: 
    18: <% @posts.each do |post| %>
    19:     <tr style="text-align: middle; vertical-align: middle;">
    20:         <td><%= post.Name %></td>
    21:         <td><% if post.Language=="1" %>
  app/views/posts/index.html.erb:18:in `_app_views_posts_index_html_erb___190635433_83946090'


  Rendered /home/shruthi/.rvm/gems/ruby-2.1.1/gems/actionpack-4.0.3/lib/action_dispatch/middleware/templates/rescues/_trace.erb (2.5ms)
  Rendered /home/shruthi/.rvm/gems/ruby-2.1.1/gems/actionpack-4.0.3/lib/action_dispatch/middleware/templates/rescues/_request_and_response.erb (1.7ms)
  Rendered /home/shruthi/.rvm/gems/ruby-2.1.1/gems/actionpack-4.0.3/lib/action_dispatch/middleware/templates/rescues/template_error.erb within rescues/layout (15.1ms)


Started GET "/posts" for 127.0.0.1 at 2014-03-18 11:35:45 +0530
Processing by PostsController#index as HTML
  [1m[35mUser Load (0.5ms)[0m  SELECT "users".* FROM "users" WHERE "users"."id" = 1 ORDER BY "users"."id" ASC LIMIT 1
  [1m[36m (0.4ms)[0m  [1mSELECT COUNT(*) FROM "posts"[0m
  [1m[35mPost Load (0.8ms)[0m  SELECT "posts".* FROM "posts" ORDER BY "posts"."name" ASC LIMIT 5 OFFSET 0
PG::UndefinedColumn: ERROR:  column posts.name does not exist
LINE 1: SELECT  "posts".* FROM "posts"   ORDER BY "posts"."name" ASC...
                                                  ^
: SELECT  "posts".* FROM "posts"   ORDER BY "posts"."name" ASC LIMIT 5 OFFSET 0
  Rendered posts/index.html.erb within layouts/posts (4.9ms)
Completed 500 Internal Server Error in 9ms

ActionView::Template::Error (PG::UndefinedColumn: ERROR:  column posts.name does not exist
LINE 1: SELECT  "posts".* FROM "posts"   ORDER BY "posts"."name" ASC...
                                                  ^
: SELECT  "posts".* FROM "posts"   ORDER BY "posts"."name" ASC LIMIT 5 OFFSET 0):
    15:             <th>Destroy</th>
    16:         </tr>
    17: 
    18: <% @posts.each do |post| %>
    19:     <tr style="text-align: middle; vertical-align: middle;">
    20:         <td><%= post.Name %></td>
    21:         <td><% if post.Language=="1" %>
  app/views/posts/index.html.erb:18:in `_app_views_posts_index_html_erb___190635433_91210730'


  Rendered /home/shruthi/.rvm/gems/ruby-2.1.1/gems/actionpack-4.0.3/lib/action_dispatch/middleware/templates/rescues/_trace.erb (1.7ms)
  Rendered /home/shruthi/.rvm/gems/ruby-2.1.1/gems/actionpack-4.0.3/lib/action_dispatch/middleware/templates/rescues/_request_and_response.erb (1.1ms)
  Rendered /home/shruthi/.rvm/gems/ruby-2.1.1/gems/actionpack-4.0.3/lib/action_dispatch/middleware/templates/rescues/template_error.erb within rescues/layout (11.4ms)


Started GET "/" for 127.0.0.1 at 2014-03-18 11:37:07 +0530
Processing by WelcomeController#index as HTML
  [1m[36mUser Load (0.8ms)[0m  [1mSELECT "users".* FROM "users" WHERE "users"."id" = 1 ORDER BY "users"."id" ASC LIMIT 1[0m
  Rendered welcome/index.html.erb within layouts/posts (0.8ms)
Completed 200 OK in 9ms (Views: 5.9ms | ActiveRecord: 0.8ms)


Started GET "/assets/application.css?body=1" for 127.0.0.1 at 2014-03-18 11:37:07 +0530


Started GET "/assets/turbolinks.js?body=1" for 127.0.0.1 at 2014-03-18 11:37:07 +0530


Started GET "/assets/jquery_ujs.js?body=1" for 127.0.0.1 at 2014-03-18 11:37:07 +0530


Started GET "/assets/welcome.css?body=1" for 127.0.0.1 at 2014-03-18 11:37:07 +0530


Started GET "/assets/posts.css?body=1" for 127.0.0.1 at 2014-03-18 11:37:07 +0530


Started GET "/assets/welcome.js?body=1" for 127.0.0.1 at 2014-03-18 11:37:07 +0530


Started GET "/assets/application.js?body=1" for 127.0.0.1 at 2014-03-18 11:37:07 +0530


Started GET "/assets/posts.js?body=1" for 127.0.0.1 at 2014-03-18 11:37:07 +0530


Started GET "/assets/jquery.js?body=1" for 127.0.0.1 at 2014-03-18 11:37:07 +0530


Started GET "/assets/mov.gif" for 127.0.0.1 at 2014-03-18 11:37:08 +0530


Started GET "/assets/index.jpeg" for 127.0.0.1 at 2014-03-18 11:37:08 +0530


Started GET "/posts" for 127.0.0.1 at 2014-03-18 11:37:10 +0530
Processing by PostsController#index as HTML
  [1m[35mUser Load (0.6ms)[0m  SELECT "users".* FROM "users" WHERE "users"."id" = 1 ORDER BY "users"."id" ASC LIMIT 1
  [1m[36m (0.3ms)[0m  [1mSELECT COUNT(*) FROM "posts"[0m
  [1m[35mPost Load (0.7ms)[0m  SELECT "posts".* FROM "posts" ORDER BY "posts"."name" ASC LIMIT 5 OFFSET 0
PG::UndefinedColumn: ERROR:  column posts.name does not exist
LINE 1: SELECT  "posts".* FROM "posts"   ORDER BY "posts"."name" ASC...
                                                  ^
: SELECT  "posts".* FROM "posts"   ORDER BY "posts"."name" ASC LIMIT 5 OFFSET 0
  Rendered posts/index.html.erb within layouts/posts (6.4ms)
Completed 500 Internal Server Error in 12ms

ActionView::Template::Error (PG::UndefinedColumn: ERROR:  column posts.name does not exist
LINE 1: SELECT  "posts".* FROM "posts"   ORDER BY "posts"."name" ASC...
                                                  ^
: SELECT  "posts".* FROM "posts"   ORDER BY "posts"."name" ASC LIMIT 5 OFFSET 0):
    15:             <th>Destroy</th>
    16:         </tr>
    17: 
    18: <% @posts.each do |post| %>
    19:     <tr style="text-align: middle; vertical-align: middle;">
    20:         <td><%= post.Name %></td>
    21:         <td><% if post.Language=="1" %>
  app/views/posts/index.html.erb:18:in `_app_views_posts_index_html_erb___190635433_83946090'


  Rendered /home/shruthi/.rvm/gems/ruby-2.1.1/gems/actionpack-4.0.3/lib/action_dispatch/middleware/templates/rescues/_trace.erb (1.9ms)
  Rendered /home/shruthi/.rvm/gems/ruby-2.1.1/gems/actionpack-4.0.3/lib/action_dispatch/middleware/templates/rescues/_request_and_response.erb (1.2ms)
  Rendered /home/shruthi/.rvm/gems/ruby-2.1.1/gems/actionpack-4.0.3/lib/action_dispatch/middleware/templates/rescues/template_error.erb within rescues/layout (12.1ms)


Started GET "/posts" for 127.0.0.1 at 2014-03-18 11:37:10 +0530
Processing by PostsController#index as HTML
  [1m[36mUser Load (1.0ms)[0m  [1mSELECT "users".* FROM "users" WHERE "users"."id" = 1 ORDER BY "users"."id" ASC LIMIT 1[0m
  [1m[35m (0.3ms)[0m  SELECT COUNT(*) FROM "posts"
  [1m[36mPost Load (0.8ms)[0m  [1mSELECT "posts".* FROM "posts" ORDER BY "posts"."name" ASC LIMIT 5 OFFSET 0[0m
PG::UndefinedColumn: ERROR:  column posts.name does not exist
LINE 1: SELECT  "posts".* FROM "posts"   ORDER BY "posts"."name" ASC...
                                                  ^
: SELECT  "posts".* FROM "posts"   ORDER BY "posts"."name" ASC LIMIT 5 OFFSET 0
  Rendered posts/index.html.erb within layouts/posts (5.0ms)
Completed 500 Internal Server Error in 13ms

ActionView::Template::Error (PG::UndefinedColumn: ERROR:  column posts.name does not exist
LINE 1: SELECT  "posts".* FROM "posts"   ORDER BY "posts"."name" ASC...
                                                  ^
: SELECT  "posts".* FROM "posts"   ORDER BY "posts"."name" ASC LIMIT 5 OFFSET 0):
    15:             <th>Destroy</th>
    16:         </tr>
    17: 
    18: <% @posts.each do |post| %>
    19:     <tr style="text-align: middle; vertical-align: middle;">
    20:         <td><%= post.Name %></td>
    21:         <td><% if post.Language=="1" %>
  app/views/posts/index.html.erb:18:in `_app_views_posts_index_html_erb___190635433_91210730'


  Rendered /home/shruthi/.rvm/gems/ruby-2.1.1/gems/actionpack-4.0.3/lib/action_dispatch/middleware/templates/rescues/_trace.erb (2.3ms)
  Rendered /home/shruthi/.rvm/gems/ruby-2.1.1/gems/actionpack-4.0.3/lib/action_dispatch/middleware/templates/rescues/_request_and_response.erb (1.3ms)
  Rendered /home/shruthi/.rvm/gems/ruby-2.1.1/gems/actionpack-4.0.3/lib/action_dispatch/middleware/templates/rescues/template_error.erb within rescues/layout (13.5ms)


Started GET "/" for 127.0.0.1 at 2014-03-18 11:37:13 +0530
Processing by WelcomeController#index as HTML
  [1m[35mUser Load (17.4ms)[0m  SELECT "users".* FROM "users" WHERE "users"."id" = 1 ORDER BY "users"."id" ASC LIMIT 1
  Rendered welcome/index.html.erb within layouts/posts (0.6ms)
Completed 200 OK in 24ms (Views: 5.2ms | ActiveRecord: 17.4ms)


Started GET "/assets/application.css?body=1" for 127.0.0.1 at 2014-03-18 11:37:13 +0530


Started GET "/assets/jquery.js?body=1" for 127.0.0.1 at 2014-03-18 11:37:13 +0530


Started GET "/assets/jquery_ujs.js?body=1" for 127.0.0.1 at 2014-03-18 11:37:13 +0530


Started GET "/assets/turbolinks.js?body=1" for 127.0.0.1 at 2014-03-18 11:37:13 +0530


Started GET "/assets/welcome.css?body=1" for 127.0.0.1 at 2014-03-18 11:37:13 +0530


Started GET "/assets/posts.js?body=1" for 127.0.0.1 at 2014-03-18 11:37:13 +0530


Started GET "/assets/welcome.js?body=1" for 127.0.0.1 at 2014-03-18 11:37:13 +0530


Started GET "/assets/application.js?body=1" for 127.0.0.1 at 2014-03-18 11:37:13 +0530


Started GET "/assets/posts.css?body=1" for 127.0.0.1 at 2014-03-18 11:37:13 +0530


Started GET "/assets/mov.gif" for 127.0.0.1 at 2014-03-18 11:37:13 +0530


Started GET "/assets/index.jpeg" for 127.0.0.1 at 2014-03-18 11:37:13 +0530


Started GET "/posts/new" for 127.0.0.1 at 2014-03-18 11:37:50 +0530
Processing by PostsController#new as HTML
  [1m[36mUser Load (0.6ms)[0m  [1mSELECT "users".* FROM "users" WHERE "users"."id" = 1 ORDER BY "users"."id" ASC LIMIT 1[0m
  Rendered posts/_form.html.erb (7.6ms)
  Rendered posts/new.html.erb within layouts/posts (9.8ms)
Completed 200 OK in 18ms (Views: 14.8ms | ActiveRecord: 0.6ms)


Started GET "/assets/application.css?body=1" for 127.0.0.1 at 2014-03-18 11:37:50 +0530


Started GET "/assets/posts.css?body=1" for 127.0.0.1 at 2014-03-18 11:37:50 +0530


Started GET "/assets/welcome.js?body=1" for 127.0.0.1 at 2014-03-18 11:37:50 +0530


Started GET "/assets/welcome.css?body=1" for 127.0.0.1 at 2014-03-18 11:37:50 +0530


Started GET "/assets/turbolinks.js?body=1" for 127.0.0.1 at 2014-03-18 11:37:50 +0530


Started GET "/assets/application.js?body=1" for 127.0.0.1 at 2014-03-18 11:37:50 +0530


Started GET "/assets/jquery_ujs.js?body=1" for 127.0.0.1 at 2014-03-18 11:37:50 +0530


Started GET "/assets/posts.js?body=1" for 127.0.0.1 at 2014-03-18 11:37:50 +0530


Started GET "/assets/jquery.js?body=1" for 127.0.0.1 at 2014-03-18 11:37:50 +0530


Started GET "/assets/index.jpeg" for 127.0.0.1 at 2014-03-18 11:37:51 +0530


Started GET "/posts" for 127.0.0.1 at 2014-03-18 11:38:11 +0530
Processing by PostsController#index as HTML
  [1m[35mUser Load (0.6ms)[0m  SELECT "users".* FROM "users" WHERE "users"."id" = 1 ORDER BY "users"."id" ASC LIMIT 1
  [1m[36m (5.0ms)[0m  [1mSELECT COUNT(*) FROM "posts"[0m
  [1m[35mPost Load (1.0ms)[0m  SELECT "posts".* FROM "posts" ORDER BY "posts"."name" ASC LIMIT 5 OFFSET 0
PG::UndefinedColumn: ERROR:  column posts.name does not exist
LINE 1: SELECT  "posts".* FROM "posts"   ORDER BY "posts"."name" ASC...
                                                  ^
: SELECT  "posts".* FROM "posts"   ORDER BY "posts"."name" ASC LIMIT 5 OFFSET 0
  Rendered posts/index.html.erb within layouts/posts (9.5ms)
Completed 500 Internal Server Error in 13ms

ActionView::Template::Error (PG::UndefinedColumn: ERROR:  column posts.name does not exist
LINE 1: SELECT  "posts".* FROM "posts"   ORDER BY "posts"."name" ASC...
                                                  ^
: SELECT  "posts".* FROM "posts"   ORDER BY "posts"."name" ASC LIMIT 5 OFFSET 0):
    15:             <th>Destroy</th>
    16:         </tr>
    17: 
    18: <% @posts.each do |post| %>
    19:     <tr style="text-align: middle; vertical-align: middle;">
    20:         <td><%= post.Name %></td>
    21:         <td><% if post.Language=="1" %>
  app/views/posts/index.html.erb:18:in `_app_views_posts_index_html_erb___190635433_83946090'


  Rendered /home/shruthi/.rvm/gems/ruby-2.1.1/gems/actionpack-4.0.3/lib/action_dispatch/middleware/templates/rescues/_trace.erb (1.5ms)
  Rendered /home/shruthi/.rvm/gems/ruby-2.1.1/gems/actionpack-4.0.3/lib/action_dispatch/middleware/templates/rescues/_request_and_response.erb (1.1ms)
  Rendered /home/shruthi/.rvm/gems/ruby-2.1.1/gems/actionpack-4.0.3/lib/action_dispatch/middleware/templates/rescues/template_error.erb within rescues/layout (11.4ms)


Started GET "/posts" for 127.0.0.1 at 2014-03-18 11:38:11 +0530
Processing by PostsController#index as HTML
  [1m[36mUser Load (0.4ms)[0m  [1mSELECT "users".* FROM "users" WHERE "users"."id" = 1 ORDER BY "users"."id" ASC LIMIT 1[0m
  [1m[35m (0.3ms)[0m  SELECT COUNT(*) FROM "posts"
  [1m[36mPost Load (0.4ms)[0m  [1mSELECT "posts".* FROM "posts" ORDER BY "posts"."name" ASC LIMIT 5 OFFSET 0[0m
PG::UndefinedColumn: ERROR:  column posts.name does not exist
LINE 1: SELECT  "posts".* FROM "posts"   ORDER BY "posts"."name" ASC...
                                                  ^
: SELECT  "posts".* FROM "posts"   ORDER BY "posts"."name" ASC LIMIT 5 OFFSET 0
  Rendered posts/index.html.erb within layouts/posts (3.5ms)
Completed 500 Internal Server Error in 7ms

ActionView::Template::Error (PG::UndefinedColumn: ERROR:  column posts.name does not exist
LINE 1: SELECT  "posts".* FROM "posts"   ORDER BY "posts"."name" ASC...
                                                  ^
: SELECT  "posts".* FROM "posts"   ORDER BY "posts"."name" ASC LIMIT 5 OFFSET 0):
    15:             <th>Destroy</th>
    16:         </tr>
    17: 
    18: <% @posts.each do |post| %>
    19:     <tr style="text-align: middle; vertical-align: middle;">
    20:         <td><%= post.Name %></td>
    21:         <td><% if post.Language=="1" %>
  app/views/posts/index.html.erb:18:in `_app_views_posts_index_html_erb___190635433_91210730'


  Rendered /home/shruthi/.rvm/gems/ruby-2.1.1/gems/actionpack-4.0.3/lib/action_dispatch/middleware/templates/rescues/_trace.erb (1.6ms)
  Rendered /home/shruthi/.rvm/gems/ruby-2.1.1/gems/actionpack-4.0.3/lib/action_dispatch/middleware/templates/rescues/_request_and_response.erb (1.1ms)
  Rendered /home/shruthi/.rvm/gems/ruby-2.1.1/gems/actionpack-4.0.3/lib/action_dispatch/middleware/templates/rescues/template_error.erb within rescues/layout (11.4ms)


Started GET "/" for 127.0.0.1 at 2014-03-18 11:39:38 +0530
  [1m[36mActiveRecord::SchemaMigration Load (0.5ms)[0m  [1mSELECT "schema_migrations".* FROM "schema_migrations"[0m
Processing by WelcomeController#index as HTML
  [1m[35mUser Load (1.2ms)[0m  SELECT "users".* FROM "users" WHERE "users"."id" = 1 ORDER BY "users"."id" ASC LIMIT 1
  Rendered welcome/index.html.erb within layouts/posts (3.4ms)
Completed 200 OK in 128ms (Views: 88.1ms | ActiveRecord: 3.0ms)


Started GET "/assets/application.css?body=1" for 127.0.0.1 at 2014-03-18 11:39:39 +0530


Started GET "/assets/posts.css?body=1" for 127.0.0.1 at 2014-03-18 11:39:39 +0530


Started GET "/assets/jquery.js?body=1" for 127.0.0.1 at 2014-03-18 11:39:39 +0530


Started GET "/assets/jquery_ujs.js?body=1" for 127.0.0.1 at 2014-03-18 11:39:39 +0530


Started GET "/assets/welcome.css?body=1" for 127.0.0.1 at 2014-03-18 11:39:39 +0530


Started GET "/assets/application.js?body=1" for 127.0.0.1 at 2014-03-18 11:39:39 +0530


Started GET "/assets/turbolinks.js?body=1" for 127.0.0.1 at 2014-03-18 11:39:39 +0530


Started GET "/assets/welcome.js?body=1" for 127.0.0.1 at 2014-03-18 11:39:39 +0530


Started GET "/assets/posts.js?body=1" for 127.0.0.1 at 2014-03-18 11:39:39 +0530


Started GET "/assets/mov.gif" for 127.0.0.1 at 2014-03-18 11:39:39 +0530


Started GET "/assets/index.jpeg" for 127.0.0.1 at 2014-03-18 11:39:39 +0530


Started GET "/posts" for 127.0.0.1 at 2014-03-18 11:39:41 +0530
Processing by PostsController#index as HTML
  [1m[36mUser Load (0.8ms)[0m  [1mSELECT "users".* FROM "users" WHERE "users"."id" = 1 ORDER BY "users"."id" ASC LIMIT 1[0m
  [1m[35m (0.5ms)[0m  SELECT COUNT(*) FROM "posts"
  [1m[36mPost Load (0.9ms)[0m  [1mSELECT "posts".* FROM "posts" ORDER BY "posts"."name" ASC LIMIT 5 OFFSET 0[0m
PG::UndefinedColumn: ERROR:  column posts.name does not exist
LINE 1: SELECT  "posts".* FROM "posts"   ORDER BY "posts"."name" ASC...
                                                  ^
: SELECT  "posts".* FROM "posts"   ORDER BY "posts"."name" ASC LIMIT 5 OFFSET 0
  Rendered posts/index.html.erb within layouts/posts (14.4ms)
Completed 500 Internal Server Error in 27ms

ActionView::Template::Error (PG::UndefinedColumn: ERROR:  column posts.name does not exist
LINE 1: SELECT  "posts".* FROM "posts"   ORDER BY "posts"."name" ASC...
                                                  ^
: SELECT  "posts".* FROM "posts"   ORDER BY "posts"."name" ASC LIMIT 5 OFFSET 0):
    15:             <th>Destroy</th>
    16:         </tr>
    17: 
    18: <% @posts.each do |post| %>
    19:     <tr style="text-align: middle; vertical-align: middle;">
    20:         <td><%= post.Name %></td>
    21:         <td><% if post.Language=="1" %>
  app/views/posts/index.html.erb:18:in `_app_views_posts_index_html_erb__279641305_83254920'


  Rendered /home/shruthi/.rvm/gems/ruby-2.1.1/gems/actionpack-4.0.3/lib/action_dispatch/middleware/templates/rescues/_trace.erb (1.6ms)
  Rendered /home/shruthi/.rvm/gems/ruby-2.1.1/gems/actionpack-4.0.3/lib/action_dispatch/middleware/templates/rescues/_request_and_response.erb (0.9ms)
  Rendered /home/shruthi/.rvm/gems/ruby-2.1.1/gems/actionpack-4.0.3/lib/action_dispatch/middleware/templates/rescues/template_error.erb within rescues/layout (10.9ms)


Started GET "/posts" for 127.0.0.1 at 2014-03-18 11:39:41 +0530
Processing by PostsController#index as HTML
  [1m[35mUser Load (0.7ms)[0m  SELECT "users".* FROM "users" WHERE "users"."id" = 1 ORDER BY "users"."id" ASC LIMIT 1
  [1m[36m (0.2ms)[0m  [1mSELECT COUNT(*) FROM "posts"[0m
  [1m[35mPost Load (0.4ms)[0m  SELECT "posts".* FROM "posts" ORDER BY "posts"."name" ASC LIMIT 5 OFFSET 0
PG::UndefinedColumn: ERROR:  column posts.name does not exist
LINE 1: SELECT  "posts".* FROM "posts"   ORDER BY "posts"."name" ASC...
                                                  ^
: SELECT  "posts".* FROM "posts"   ORDER BY "posts"."name" ASC LIMIT 5 OFFSET 0
  Rendered posts/index.html.erb within layouts/posts (3.7ms)
Completed 500 Internal Server Error in 8ms

ActionView::Template::Error (PG::UndefinedColumn: ERROR:  column posts.name does not exist
LINE 1: SELECT  "posts".* FROM "posts"   ORDER BY "posts"."name" ASC...
                                                  ^
: SELECT  "posts".* FROM "posts"   ORDER BY "posts"."name" ASC LIMIT 5 OFFSET 0):
    15:             <th>Destroy</th>
    16:         </tr>
    17: 
    18: <% @posts.each do |post| %>
    19:     <tr style="text-align: middle; vertical-align: middle;">
    20:         <td><%= post.Name %></td>
    21:         <td><% if post.Language=="1" %>
  app/views/posts/index.html.erb:18:in `_app_views_posts_index_html_erb__279641305_79335460'


  Rendered /home/shruthi/.rvm/gems/ruby-2.1.1/gems/actionpack-4.0.3/lib/action_dispatch/middleware/templates/rescues/_trace.erb (1.7ms)
  Rendered /home/shruthi/.rvm/gems/ruby-2.1.1/gems/actionpack-4.0.3/lib/action_dispatch/middleware/templates/rescues/_request_and_response.erb (0.9ms)
  Rendered /home/shruthi/.rvm/gems/ruby-2.1.1/gems/actionpack-4.0.3/lib/action_dispatch/middleware/templates/rescues/template_error.erb within rescues/layout (11.5ms)
  [1m[36mPost Load (3.0ms)[0m  [1mSELECT "posts".* FROM "posts"[0m


Started GET "/posts" for 127.0.0.1 at 2014-03-18 11:50:22 +0530
  [1m[36mActiveRecord::SchemaMigration Load (0.7ms)[0m  [1mSELECT "schema_migrations".* FROM "schema_migrations"[0m
Processing by PostsController#index as HTML
  [1m[35mUser Load (1.0ms)[0m  SELECT "users".* FROM "users" WHERE "users"."id" = 1 ORDER BY "users"."id" ASC LIMIT 1
  [1m[36m (0.4ms)[0m  [1mSELECT COUNT(*) FROM "posts"[0m
  [1m[35mPost Load (0.8ms)[0m  SELECT "posts".* FROM "posts" ORDER BY "posts"."name" ASC LIMIT 5 OFFSET 0
PG::UndefinedColumn: ERROR:  column posts.name does not exist
LINE 1: SELECT  "posts".* FROM "posts"   ORDER BY "posts"."name" ASC...
                                                  ^
: SELECT  "posts".* FROM "posts"   ORDER BY "posts"."name" ASC LIMIT 5 OFFSET 0
  Rendered posts/index.html.erb within layouts/posts (20.2ms)
Completed 500 Internal Server Error in 104ms

ActionView::Template::Error (PG::UndefinedColumn: ERROR:  column posts.name does not exist
LINE 1: SELECT  "posts".* FROM "posts"   ORDER BY "posts"."name" ASC...
                                                  ^
: SELECT  "posts".* FROM "posts"   ORDER BY "posts"."name" ASC LIMIT 5 OFFSET 0):
    15:             <th>Destroy</th>
    16:         </tr>
    17: 
    18: <% @posts.each do |post| %>
    19:     <tr style="text-align: middle; vertical-align: middle;">
    20:         <!-- <td><%= post.Name %></td> -->
    21:         <td><% if post.Language=="1" %>
  app/views/posts/index.html.erb:18:in `_app_views_posts_index_html_erb___961410479_100485780'


  Rendered /home/shruthi/.rvm/gems/ruby-2.1.1/gems/actionpack-4.0.3/lib/action_dispatch/middleware/templates/rescues/_trace.erb (1.8ms)
  Rendered /home/shruthi/.rvm/gems/ruby-2.1.1/gems/actionpack-4.0.3/lib/action_dispatch/middleware/templates/rescues/_request_and_response.erb (1.3ms)
  Rendered /home/shruthi/.rvm/gems/ruby-2.1.1/gems/actionpack-4.0.3/lib/action_dispatch/middleware/templates/rescues/template_error.erb within rescues/layout (12.4ms)


Started GET "/" for 127.0.0.1 at 2014-03-18 11:52:26 +0530
Processing by WelcomeController#index as HTML
  [1m[36mUser Load (14.0ms)[0m  [1mSELECT "users".* FROM "users" WHERE "users"."id" = 1 ORDER BY "users"."id" ASC LIMIT 1[0m
  Rendered welcome/index.html.erb within layouts/posts (3.4ms)
Completed 200 OK in 90ms (Views: 73.7ms | ActiveRecord: 14.0ms)


Started GET "/assets/mov.gif" for 127.0.0.1 at 2014-03-18 11:52:26 +0530


Started GET "/posts" for 127.0.0.1 at 2014-03-18 11:52:27 +0530
Processing by PostsController#index as HTML
  [1m[35mUser Load (1.3ms)[0m  SELECT "users".* FROM "users" WHERE "users"."id" = 1 ORDER BY "users"."id" ASC LIMIT 1
  [1m[36m (0.4ms)[0m  [1mSELECT COUNT(*) FROM "posts"[0m
  [1m[35mPost Load (0.7ms)[0m  SELECT "posts".* FROM "posts" ORDER BY "posts"."name" ASC LIMIT 5 OFFSET 0
PG::UndefinedColumn: ERROR:  column posts.name does not exist
LINE 1: SELECT  "posts".* FROM "posts"   ORDER BY "posts"."name" ASC...
                                                  ^
: SELECT  "posts".* FROM "posts"   ORDER BY "posts"."name" ASC LIMIT 5 OFFSET 0
  Rendered posts/index.html.erb within layouts/posts (6.6ms)
Completed 500 Internal Server Error in 14ms

ActionView::Template::Error (PG::UndefinedColumn: ERROR:  column posts.name does not exist
LINE 1: SELECT  "posts".* FROM "posts"   ORDER BY "posts"."name" ASC...
                                                  ^
: SELECT  "posts".* FROM "posts"   ORDER BY "posts"."name" ASC LIMIT 5 OFFSET 0):
    15:             <th>Destroy</th>
    16:         </tr>
    17: 
    18: <% @posts.each do |post| %>
    19:     <tr style="text-align: middle; vertical-align: middle;">
    20:         <!-- <td><%= post.Name %></td> -->
    21:         <td><% if post.Language=="1" %>
  app/views/posts/index.html.erb:18:in `_app_views_posts_index_html_erb___961410479_97036070'


  Rendered /home/shruthi/.rvm/gems/ruby-2.1.1/gems/actionpack-4.0.3/lib/action_dispatch/middleware/templates/rescues/_trace.erb (2.0ms)
  Rendered /home/shruthi/.rvm/gems/ruby-2.1.1/gems/actionpack-4.0.3/lib/action_dispatch/middleware/templates/rescues/_request_and_response.erb (1.4ms)
  Rendered /home/shruthi/.rvm/gems/ruby-2.1.1/gems/actionpack-4.0.3/lib/action_dispatch/middleware/templates/rescues/template_error.erb within rescues/layout (12.8ms)


Started GET "/posts" for 127.0.0.1 at 2014-03-18 11:52:27 +0530
Processing by PostsController#index as HTML
  [1m[36mUser Load (0.4ms)[0m  [1mSELECT "users".* FROM "users" WHERE "users"."id" = 1 ORDER BY "users"."id" ASC LIMIT 1[0m
  [1m[35m (0.5ms)[0m  SELECT COUNT(*) FROM "posts"
  [1m[36mPost Load (0.7ms)[0m  [1mSELECT "posts".* FROM "posts" ORDER BY "posts"."name" ASC LIMIT 5 OFFSET 0[0m
PG::UndefinedColumn: ERROR:  column posts.name does not exist
LINE 1: SELECT  "posts".* FROM "posts"   ORDER BY "posts"."name" ASC...
                                                  ^
: SELECT  "posts".* FROM "posts"   ORDER BY "posts"."name" ASC LIMIT 5 OFFSET 0
  Rendered posts/index.html.erb within layouts/posts (5.1ms)
Completed 500 Internal Server Error in 8ms

ActionView::Template::Error (PG::UndefinedColumn: ERROR:  column posts.name does not exist
LINE 1: SELECT  "posts".* FROM "posts"   ORDER BY "posts"."name" ASC...
                                                  ^
: SELECT  "posts".* FROM "posts"   ORDER BY "posts"."name" ASC LIMIT 5 OFFSET 0):
    15:             <th>Destroy</th>
    16:         </tr>
    17: 
    18: <% @posts.each do |post| %>
    19:     <tr style="text-align: middle; vertical-align: middle;">
    20:         <!-- <td><%= post.Name %></td> -->
    21:         <td><% if post.Language=="1" %>
  app/views/posts/index.html.erb:18:in `_app_views_posts_index_html_erb___961410479_100485780'


  Rendered /home/shruthi/.rvm/gems/ruby-2.1.1/gems/actionpack-4.0.3/lib/action_dispatch/middleware/templates/rescues/_trace.erb (1.4ms)
  Rendered /home/shruthi/.rvm/gems/ruby-2.1.1/gems/actionpack-4.0.3/lib/action_dispatch/middleware/templates/rescues/_request_and_response.erb (1.1ms)
  Rendered /home/shruthi/.rvm/gems/ruby-2.1.1/gems/actionpack-4.0.3/lib/action_dispatch/middleware/templates/rescues/template_error.erb within rescues/layout (11.0ms)


Started GET "/" for 127.0.0.1 at 2014-03-18 11:59:15 +0530
Processing by WelcomeController#index as HTML
  [1m[35mUser Load (1.5ms)[0m  SELECT "users".* FROM "users" WHERE "users"."id" = 1 ORDER BY "users"."id" ASC LIMIT 1
  Rendered welcome/index.html.erb within layouts/posts (1.4ms)
Completed 200 OK in 11ms (Views: 6.4ms | ActiveRecord: 1.5ms)


Started GET "/assets/application.css?body=1" for 127.0.0.1 at 2014-03-18 11:59:15 +0530


Started GET "/assets/posts.css?body=1" for 127.0.0.1 at 2014-03-18 11:59:15 +0530


Started GET "/assets/turbolinks.js?body=1" for 127.0.0.1 at 2014-03-18 11:59:15 +0530


Started GET "/assets/jquery_ujs.js?body=1" for 127.0.0.1 at 2014-03-18 11:59:15 +0530


Started GET "/assets/jquery.js?body=1" for 127.0.0.1 at 2014-03-18 11:59:15 +0530


Started GET "/assets/welcome.css?body=1" for 127.0.0.1 at 2014-03-18 11:59:15 +0530


Started GET "/assets/posts.js?body=1" for 127.0.0.1 at 2014-03-18 11:59:15 +0530


Started GET "/assets/welcome.js?body=1" for 127.0.0.1 at 2014-03-18 11:59:15 +0530


Started GET "/assets/application.js?body=1" for 127.0.0.1 at 2014-03-18 11:59:15 +0530


Started GET "/assets/mov.gif" for 127.0.0.1 at 2014-03-18 11:59:15 +0530


Started GET "/assets/index.jpeg" for 127.0.0.1 at 2014-03-18 11:59:15 +0530
  [1m[36mActiveRecord::SchemaMigration Load (0.1ms)[0m  [1mSELECT "schema_migrations".* FROM "schema_migrations"[0m
  [1m[35mActiveRecord::SchemaMigration Load (0.1ms)[0m  SELECT "schema_migrations".* FROM "schema_migrations"


Started GET "/" for 127.0.0.1 at 2014-03-18 12:00:47 +0530
  [1m[36mActiveRecord::SchemaMigration Load (0.2ms)[0m  [1mSELECT "schema_migrations".* FROM "schema_migrations"[0m
Processing by WelcomeController#index as HTML
  [1m[35mUser Load (0.3ms)[0m  SELECT "users".* FROM "users" WHERE "users"."id" = 1 ORDER BY "users"."id" ASC LIMIT 1
Completed 401 Unauthorized in 74ms


Started GET "/users/sign_in" for 127.0.0.1 at 2014-03-18 12:00:48 +0530
Processing by Devise::SessionsController#new as HTML
  Rendered /home/shruthi/.rvm/gems/ruby-2.1.1/gems/devise-3.2.3/app/views/devise/shared/_links.erb (1.7ms)
  Rendered /home/shruthi/.rvm/gems/ruby-2.1.1/gems/devise-3.2.3/app/views/devise/sessions/new.html.erb within layouts/posts (17.3ms)
Completed 200 OK in 80ms (Views: 77.9ms | ActiveRecord: 0.0ms)


Started GET "/assets/application.css?body=1" for 127.0.0.1 at 2014-03-18 12:00:48 +0530


Started GET "/assets/jquery_ujs.js?body=1" for 127.0.0.1 at 2014-03-18 12:00:48 +0530


Started GET "/assets/jquery.js?body=1" for 127.0.0.1 at 2014-03-18 12:00:48 +0530


Started GET "/assets/welcome.css?body=1" for 127.0.0.1 at 2014-03-18 12:00:48 +0530


Started GET "/assets/turbolinks.js?body=1" for 127.0.0.1 at 2014-03-18 12:00:48 +0530


Started GET "/assets/posts.css?body=1" for 127.0.0.1 at 2014-03-18 12:00:48 +0530


Started GET "/assets/welcome.js?body=1" for 127.0.0.1 at 2014-03-18 12:00:48 +0530


Started GET "/assets/posts.js?body=1" for 127.0.0.1 at 2014-03-18 12:00:48 +0530


Started GET "/assets/application.js?body=1" for 127.0.0.1 at 2014-03-18 12:00:48 +0530


Started GET "/assets/index.jpeg" for 127.0.0.1 at 2014-03-18 12:00:48 +0530


Started POST "/users/sign_in" for 127.0.0.1 at 2014-03-18 12:01:03 +0530
Processing by Devise::SessionsController#create as HTML
  Parameters: {"utf8"=>"✓", "authenticity_token"=>"0u6yrd4cDIYe1Ktzx5b/dY9NB4BjfmCEL9KwH39KdrY=", "user"=>{"email"=>"shruthi.harithas@gmail.com", "password"=>"[FILTERED]", "remember_me"=>"0"}, "commit"=>"Sign in"}
  [1m[36mUser Load (28.1ms)[0m  [1mSELECT "users".* FROM "users" WHERE "users"."email" = 'shruthi.harithas@gmail.com' ORDER BY "users"."id" ASC LIMIT 1[0m
Completed 401 Unauthorized in 30ms
Processing by Devise::SessionsController#new as HTML
  Parameters: {"utf8"=>"✓", "authenticity_token"=>"0u6yrd4cDIYe1Ktzx5b/dY9NB4BjfmCEL9KwH39KdrY=", "user"=>{"email"=>"shruthi.harithas@gmail.com", "password"=>"[FILTERED]", "remember_me"=>"0"}, "commit"=>"Sign in"}
  Rendered /home/shruthi/.rvm/gems/ruby-2.1.1/gems/devise-3.2.3/app/views/devise/shared/_links.erb (0.4ms)
  Rendered /home/shruthi/.rvm/gems/ruby-2.1.1/gems/devise-3.2.3/app/views/devise/sessions/new.html.erb within layouts/posts (4.3ms)
Completed 200 OK in 107ms (Views: 9.3ms | ActiveRecord: 0.0ms)


Started GET "/assets/application.css?body=1" for 127.0.0.1 at 2014-03-18 12:01:04 +0530


Started GET "/assets/welcome.css?body=1" for 127.0.0.1 at 2014-03-18 12:01:04 +0530


Started GET "/assets/jquery.js?body=1" for 127.0.0.1 at 2014-03-18 12:01:04 +0530


Started GET "/assets/turbolinks.js?body=1" for 127.0.0.1 at 2014-03-18 12:01:04 +0530


Started GET "/assets/welcome.js?body=1" for 127.0.0.1 at 2014-03-18 12:01:04 +0530


Started GET "/assets/jquery_ujs.js?body=1" for 127.0.0.1 at 2014-03-18 12:01:04 +0530


Started GET "/assets/application.js?body=1" for 127.0.0.1 at 2014-03-18 12:01:04 +0530


Started GET "/assets/posts.css?body=1" for 127.0.0.1 at 2014-03-18 12:01:04 +0530


Started GET "/assets/posts.js?body=1" for 127.0.0.1 at 2014-03-18 12:01:04 +0530


Started GET "/users/sign_up" for 127.0.0.1 at 2014-03-18 12:01:09 +0530
Processing by Devise::RegistrationsController#new as HTML
  Rendered /home/shruthi/.rvm/gems/ruby-2.1.1/gems/devise-3.2.3/app/views/devise/shared/_links.erb (0.4ms)
  Rendered /home/shruthi/.rvm/gems/ruby-2.1.1/gems/devise-3.2.3/app/views/devise/registrations/new.html.erb within layouts/posts (5.7ms)
Completed 200 OK in 13ms (Views: 11.6ms | ActiveRecord: 0.0ms)


Started GET "/assets/application.css?body=1" for 127.0.0.1 at 2014-03-18 12:01:09 +0530


Started GET "/assets/posts.css?body=1" for 127.0.0.1 at 2014-03-18 12:01:09 +0530


Started GET "/assets/jquery_ujs.js?body=1" for 127.0.0.1 at 2014-03-18 12:01:09 +0530


Started GET "/assets/posts.js?body=1" for 127.0.0.1 at 2014-03-18 12:01:09 +0530


Started GET "/assets/jquery.js?body=1" for 127.0.0.1 at 2014-03-18 12:01:09 +0530


Started GET "/assets/welcome.js?body=1" for 127.0.0.1 at 2014-03-18 12:01:09 +0530


Started GET "/assets/application.js?body=1" for 127.0.0.1 at 2014-03-18 12:01:09 +0530


Started GET "/assets/welcome.css?body=1" for 127.0.0.1 at 2014-03-18 12:01:09 +0530


Started GET "/assets/turbolinks.js?body=1" for 127.0.0.1 at 2014-03-18 12:01:09 +0530


Started POST "/users" for 127.0.0.1 at 2014-03-18 12:01:25 +0530
Processing by Devise::RegistrationsController#create as HTML
  Parameters: {"utf8"=>"✓", "authenticity_token"=>"0u6yrd4cDIYe1Ktzx5b/dY9NB4BjfmCEL9KwH39KdrY=", "user"=>{"email"=>"vipul@gmail.com", "password"=>"[FILTERED]", "password_confirmation"=>"[FILTERED]"}, "commit"=>"Sign up"}
  [1m[35m (0.1ms)[0m  begin transaction
  [1m[36mUser Exists (0.2ms)[0m  [1mSELECT 1 AS one FROM "users" WHERE "users"."email" = 'vipul@gmail.com' LIMIT 1[0m
Binary data inserted for `string` type on column `encrypted_password`
  [1m[35mSQL (6.4ms)[0m  INSERT INTO "users" ("created_at", "email", "encrypted_password", "updated_at") VALUES (?, ?, ?, ?)  [["created_at", Tue, 18 Mar 2014 06:31:25 UTC +00:00], ["email", "vipul@gmail.com"], ["encrypted_password", "$2a$10$ixXiVUMWWiF92Huqzfz8Te5ZCg0OYRN83QlYd7rm3z7WyCICpVWDC"], ["updated_at", Tue, 18 Mar 2014 06:31:25 UTC +00:00]]
  [1m[36m (46.0ms)[0m  [1mcommit transaction[0m
  [1m[35m (0.1ms)[0m  begin transaction
Binary data inserted for `string` type on column `last_sign_in_ip`
Binary data inserted for `string` type on column `current_sign_in_ip`
  [1m[36mSQL (8.3ms)[0m  [1mUPDATE "users" SET "last_sign_in_at" = ?, "current_sign_in_at" = ?, "last_sign_in_ip" = ?, "current_sign_in_ip" = ?, "sign_in_count" = ?, "updated_at" = ? WHERE "users"."id" = 3[0m  [["last_sign_in_at", Tue, 18 Mar 2014 06:31:25 UTC +00:00], ["current_sign_in_at", Tue, 18 Mar 2014 06:31:25 UTC +00:00], ["last_sign_in_ip", "127.0.0.1"], ["current_sign_in_ip", "127.0.0.1"], ["sign_in_count", 1], ["updated_at", Tue, 18 Mar 2014 06:31:25 UTC +00:00]]
  [1m[35m (11.8ms)[0m  commit transaction
Redirected to http://localhost:3000/
Completed 302 Found in 175ms (ActiveRecord: 72.8ms)


Started GET "/" for 127.0.0.1 at 2014-03-18 12:01:25 +0530
Processing by WelcomeController#index as HTML
  [1m[36mUser Load (4.0ms)[0m  [1mSELECT "users".* FROM "users" WHERE "users"."id" = 3 ORDER BY "users"."id" ASC LIMIT 1[0m
  Rendered welcome/index.html.erb within layouts/posts (2.4ms)
Completed 200 OK in 16ms (Views: 9.6ms | ActiveRecord: 4.0ms)


Started GET "/assets/application.css?body=1" for 127.0.0.1 at 2014-03-18 12:01:25 +0530


Started GET "/assets/welcome.css?body=1" for 127.0.0.1 at 2014-03-18 12:01:25 +0530


Started GET "/assets/turbolinks.js?body=1" for 127.0.0.1 at 2014-03-18 12:01:25 +0530


Started GET "/assets/posts.css?body=1" for 127.0.0.1 at 2014-03-18 12:01:25 +0530


Started GET "/assets/jquery.js?body=1" for 127.0.0.1 at 2014-03-18 12:01:25 +0530


Started GET "/assets/posts.js?body=1" for 127.0.0.1 at 2014-03-18 12:01:25 +0530


Started GET "/assets/jquery_ujs.js?body=1" for 127.0.0.1 at 2014-03-18 12:01:25 +0530


Started GET "/assets/welcome.js?body=1" for 127.0.0.1 at 2014-03-18 12:01:25 +0530


Started GET "/assets/application.js?body=1" for 127.0.0.1 at 2014-03-18 12:01:25 +0530


Started GET "/assets/mov.gif" for 127.0.0.1 at 2014-03-18 12:01:26 +0530


Started GET "/posts/new" for 127.0.0.1 at 2014-03-18 12:01:28 +0530
Processing by PostsController#new as HTML
  [1m[35mUser Load (0.3ms)[0m  SELECT "users".* FROM "users" WHERE "users"."id" = 3 ORDER BY "users"."id" ASC LIMIT 1
  Rendered posts/_form.html.erb (16.9ms)
  Rendered posts/new.html.erb within layouts/posts (18.3ms)
Completed 200 OK in 34ms (Views: 23.7ms | ActiveRecord: 0.8ms)


Started POST "/posts" for 127.0.0.1 at 2014-03-18 12:03:04 +0530
Processing by PostsController#create as HTML
  Parameters: {"utf8"=>"✓", "authenticity_token"=>"0u6yrd4cDIYe1Ktzx5b/dY9NB4BjfmCEL9KwH39KdrY=", "post"=>{"Name"=>"Highway", "Movie_Scree"=>"3", "Language"=>"1", "Price"=>"500", "Description"=>"vipul"}, "commit"=>"Save Post"}
  [1m[36mUser Load (0.3ms)[0m  [1mSELECT "users".* FROM "users" WHERE "users"."id" = 3 ORDER BY "users"."id" ASC LIMIT 1[0m
  [1m[35m (0.1ms)[0m  begin transaction
  [1m[36m (0.1ms)[0m  [1mrollback transaction[0m
  Rendered posts/_form.html.erb (5.2ms)
  Rendered posts/new.html.erb within layouts/posts (6.6ms)
Completed 200 OK in 19ms (Views: 11.3ms | ActiveRecord: 0.4ms)


Started GET "/assets/application.css?body=1" for 127.0.0.1 at 2014-03-18 12:03:04 +0530


Started GET "/assets/jquery.js?body=1" for 127.0.0.1 at 2014-03-18 12:03:04 +0530


Started GET "/assets/posts.css?body=1" for 127.0.0.1 at 2014-03-18 12:03:04 +0530


Started GET "/assets/turbolinks.js?body=1" for 127.0.0.1 at 2014-03-18 12:03:04 +0530


Started GET "/assets/application.js?body=1" for 127.0.0.1 at 2014-03-18 12:03:04 +0530


Started GET "/assets/jquery_ujs.js?body=1" for 127.0.0.1 at 2014-03-18 12:03:04 +0530


Started GET "/assets/posts.js?body=1" for 127.0.0.1 at 2014-03-18 12:03:04 +0530


Started GET "/assets/welcome.js?body=1" for 127.0.0.1 at 2014-03-18 12:03:04 +0530


Started GET "/assets/welcome.css?body=1" for 127.0.0.1 at 2014-03-18 12:03:04 +0530


Started POST "/posts" for 127.0.0.1 at 2014-03-18 12:03:15 +0530
Processing by PostsController#create as HTML
  Parameters: {"utf8"=>"✓", "authenticity_token"=>"0u6yrd4cDIYe1Ktzx5b/dY9NB4BjfmCEL9KwH39KdrY=", "post"=>{"Name"=>"Highway", "Movie_Scree"=>"3", "Language"=>"1", "Price"=>"500", "Description"=>"vipul", "photo"=>#<ActionDispatch::Http::UploadedFile:0x9b0d91c @tempfile=#<Tempfile:/tmp/RackMultipart20140318-13531-p9mfqk>, @original_filename="images.jpeg", @content_type="image/jpeg", @headers="Content-Disposition: form-data; name=\"post[photo]\"; filename=\"images.jpeg\"\r\nContent-Type: image/jpeg\r\n">}, "commit"=>"Save Post"}
  [1m[35mUser Load (0.2ms)[0m  SELECT "users".* FROM "users" WHERE "users"."id" = 3 ORDER BY "users"."id" ASC LIMIT 1
Command :: file -b --mime-type '/tmp/edc070c91d0f30e78df69b316bedc4df20140318-13531-1ngzzn7'
Command :: identify -format '%wx%h,%[exif:orientation]' '/tmp/94ba911152d0522fa978b295e39e71a320140318-13531-1h8mg20[0]' 2>/dev/null
Command :: identify -format %m '/tmp/94ba911152d0522fa978b295e39e71a320140318-13531-1h8mg20[0]'
Command :: convert '/tmp/94ba911152d0522fa978b295e39e71a320140318-13531-1h8mg20[0]' -auto-orient -resize "300x300>" '/tmp/94ba911152d0522fa978b295e39e71a320140318-13531-1h8mg2020140318-13531-e0sl8g'
Command :: file -b --mime '/tmp/94ba911152d0522fa978b295e39e71a320140318-13531-1h8mg2020140318-13531-e0sl8g'
Command :: identify -format '%wx%h,%[exif:orientation]' '/tmp/94ba911152d0522fa978b295e39e71a320140318-13531-1h8mg20[0]' 2>/dev/null
Command :: identify -format %m '/tmp/94ba911152d0522fa978b295e39e71a320140318-13531-1h8mg20[0]'
Command :: convert '/tmp/94ba911152d0522fa978b295e39e71a320140318-13531-1h8mg20[0]' -auto-orient -resize "100x100>" '/tmp/94ba911152d0522fa978b295e39e71a320140318-13531-1h8mg2020140318-13531-26v8he'
Command :: file -b --mime '/tmp/94ba911152d0522fa978b295e39e71a320140318-13531-1h8mg2020140318-13531-26v8he'
  [1m[36m (0.4ms)[0m  [1mbegin transaction[0m
Command :: file -b --mime-type '/tmp/d04ed3ed2b26e28e772b1abc1b2a69a020140318-13531-1ws4fw'
Binary data inserted for `string` type on column `photo_content_type`
  [1m[35mSQL (2.7ms)[0m  INSERT INTO "posts" ("Description", "Language", "Movie_Scree", "Name", "Price", "created_at", "photo_content_type", "photo_file_name", "photo_file_size", "photo_updated_at", "updated_at") VALUES (?, ?, ?, ?, ?, ?, ?, ?, ?, ?, ?)  [["Description", "vipul"], ["Language", "1"], ["Movie_Scree", "3"], ["Name", "Highway"], ["Price", 500], ["created_at", Tue, 18 Mar 2014 06:33:16 UTC +00:00], ["photo_content_type", "image/jpeg"], ["photo_file_name", "images.jpeg"], ["photo_file_size", 10861], ["photo_updated_at", Tue, 18 Mar 2014 06:33:15 UTC +00:00], ["updated_at", Tue, 18 Mar 2014 06:33:16 UTC +00:00]]
  [1m[36m (17.9ms)[0m  [1mcommit transaction[0m
Redirected to http://localhost:3000/posts/9
Completed 302 Found in 589ms (ActiveRecord: 21.2ms)


Started GET "/posts/9" for 127.0.0.1 at 2014-03-18 12:03:16 +0530
Processing by PostsController#show as HTML
  Parameters: {"id"=>"9"}
  [1m[35mUser Load (0.4ms)[0m  SELECT "users".* FROM "users" WHERE "users"."id" = 3 ORDER BY "users"."id" ASC LIMIT 1
  [1m[36mPost Load (0.2ms)[0m  [1mSELECT "posts".* FROM "posts" WHERE "posts"."id" = ? LIMIT 1[0m  [["id", "9"]]
  Rendered posts/show.html.erb within layouts/posts (10.1ms)
Completed 200 OK in 26ms (Views: 20.0ms | ActiveRecord: 0.6ms)


Started GET "/assets/posts.css?body=1" for 127.0.0.1 at 2014-03-18 12:03:17 +0530


Started GET "/assets/jquery_ujs.js?body=1" for 127.0.0.1 at 2014-03-18 12:03:17 +0530


Started GET "/assets/jquery.js?body=1" for 127.0.0.1 at 2014-03-18 12:03:17 +0530


Started GET "/assets/welcome.css?body=1" for 127.0.0.1 at 2014-03-18 12:03:17 +0530


Started GET "/assets/turbolinks.js?body=1" for 127.0.0.1 at 2014-03-18 12:03:17 +0530


Started GET "/assets/posts.js?body=1" for 127.0.0.1 at 2014-03-18 12:03:17 +0530


Started GET "/assets/welcome.js?body=1" for 127.0.0.1 at 2014-03-18 12:03:17 +0530


Started GET "/assets/application.js?body=1" for 127.0.0.1 at 2014-03-18 12:03:17 +0530


Started GET "/assets/application.css?body=1" for 127.0.0.1 at 2014-03-18 12:03:17 +0530


Started GET "/users/edit" for 127.0.0.1 at 2014-03-18 12:03:35 +0530
Processing by Devise::RegistrationsController#edit as HTML
  [1m[35mUser Load (0.3ms)[0m  SELECT "users".* FROM "users" WHERE "users"."id" = 3 ORDER BY "users"."id" ASC LIMIT 1
  Rendered /home/shruthi/.rvm/gems/ruby-2.1.1/gems/devise-3.2.3/app/views/devise/registrations/edit.html.erb within layouts/posts (4.0ms)
Completed 200 OK in 35ms (Views: 32.9ms | ActiveRecord: 0.3ms)


Started GET "/posts/9" for 127.0.0.1 at 2014-03-18 12:03:45 +0530
Processing by PostsController#show as HTML
  Parameters: {"id"=>"9"}
  [1m[36mUser Load (0.6ms)[0m  [1mSELECT "users".* FROM "users" WHERE "users"."id" = 3 ORDER BY "users"."id" ASC LIMIT 1[0m
  [1m[35mPost Load (0.1ms)[0m  SELECT "posts".* FROM "posts" WHERE "posts"."id" = ? LIMIT 1  [["id", "9"]]
  Rendered posts/show.html.erb within layouts/posts (6.8ms)
Completed 200 OK in 18ms (Views: 13.3ms | ActiveRecord: 0.7ms)


Started GET "/" for 127.0.0.1 at 2014-03-18 12:03:47 +0530
Processing by WelcomeController#index as HTML
  [1m[36mUser Load (0.4ms)[0m  [1mSELECT "users".* FROM "users" WHERE "users"."id" = 3 ORDER BY "users"."id" ASC LIMIT 1[0m
  Rendered welcome/index.html.erb within layouts/posts (1.7ms)
Completed 200 OK in 18ms (Views: 15.1ms | ActiveRecord: 0.4ms)


Started GET "/assets/mov.gif" for 127.0.0.1 at 2014-03-18 12:03:48 +0530


Started GET "/posts" for 127.0.0.1 at 2014-03-18 12:03:52 +0530
Processing by PostsController#index as HTML
  [1m[35mUser Load (0.4ms)[0m  SELECT "users".* FROM "users" WHERE "users"."id" = 3 ORDER BY "users"."id" ASC LIMIT 1
  [1m[36m (0.2ms)[0m  [1mSELECT COUNT(*) FROM "posts"[0m
  [1m[35mPost Load (0.3ms)[0m  SELECT "posts".* FROM "posts" ORDER BY "posts"."name" ASC LIMIT 5 OFFSET 0
  Rendered posts/index.html.erb within layouts/posts (73.4ms)
Completed 200 OK in 83ms (Views: 78.1ms | ActiveRecord: 0.9ms)


Started GET "/posts" for 127.0.0.1 at 2014-03-18 12:05:08 +0530
Processing by PostsController#index as HTML
  [1m[36mUser Load (0.2ms)[0m  [1mSELECT "users".* FROM "users" WHERE "users"."id" = 3 ORDER BY "users"."id" ASC LIMIT 1[0m
  [1m[35m (0.2ms)[0m  SELECT COUNT(*) FROM "posts"
  [1m[36mPost Load (0.3ms)[0m  [1mSELECT "posts".* FROM "posts" ORDER BY "posts"."name" ASC LIMIT 5 OFFSET 0[0m
  Rendered posts/index.html.erb within layouts/posts (9.7ms)
Completed 200 OK in 16ms (Views: 13.5ms | ActiveRecord: 0.7ms)


Started GET "/assets/application.css?body=1" for 127.0.0.1 at 2014-03-18 12:05:08 +0530


Started GET "/assets/posts.css?body=1" for 127.0.0.1 at 2014-03-18 12:05:08 +0530


Started GET "/assets/turbolinks.js?body=1" for 127.0.0.1 at 2014-03-18 12:05:08 +0530


Started GET "/assets/posts.js?body=1" for 127.0.0.1 at 2014-03-18 12:05:08 +0530


Started GET "/assets/welcome.css?body=1" for 127.0.0.1 at 2014-03-18 12:05:08 +0530


Started GET "/assets/application.js?body=1" for 127.0.0.1 at 2014-03-18 12:05:08 +0530


Started GET "/assets/jquery.js?body=1" for 127.0.0.1 at 2014-03-18 12:05:08 +0530


Started GET "/assets/welcome.js?body=1" for 127.0.0.1 at 2014-03-18 12:05:08 +0530


Started GET "/assets/jquery_ujs.js?body=1" for 127.0.0.1 at 2014-03-18 12:05:08 +0530


Started GET "/assets/index.jpeg" for 127.0.0.1 at 2014-03-18 12:05:09 +0530
